Arguments: 
  /usr/local/Cellar/node/8.6.0/bin/node /Users/brenthildy/.yarn/bin/yarn.js upgrade

PATH: 
  /Users/brenthildy/.yarn/bin:/Users/brenthildy/.npm-packages/bin:/usr/local/bin:/usr/bin:/bin:/usr/sbin:/sbin:/opt/X11/bin

Yarn version: 
  1.2.1

Node version: 
  8.6.0

Platform: 
  darwin x64

npm manifest: 
  {
    "name": "history-of-us-parties",
    "version": "1.0.0",
    "main": "index.js",
    "license": "MIT",
    "dependencies": {
      "babel-preset-stage-2": "^6.1.18",
      "express": "^4.16.2",
      "react": "^16.0.0",
      "react-dom": "^16.0.0",
      "react-redux": "^5.0.6",
      "redux": "^3.7.2",
    },
    "devDependencies": {
      "babel-core": "^6.26.0",
      "babel-loader": "^7.1.2",
      "babel-preset-env": "^1.6.1",
      "babel-preset-es2015": "^6.24.1",
      "babel-preset-react": "^6.24.1",
      "css-loader": "^0.28.7",
      "extract-text-webpack-plugin": "^3.0.0",
      "node-sass": "^4.5.3",
      "sass-loader": "^6.0.6",
      "style-loader": "^0.18.2",
      "webpack": "^3.6.0",
      "webpack-dev-server": "^2.9.4"
    }
  }

yarn manifest: 
  No manifest

Lockfile: 
  No lockfile

Trace: 
  SyntaxError: /Users/brenthildy/Documents/web-current/data-sketches/history-of-us-parties/package.json: Unexpected token } in JSON at position 292
      at JSON.parse (<anonymous>)
      at /Users/brenthildy/.yarn/lib/cli.js:770:59
      at Generator.next (<anonymous>)
      at step (/Users/brenthildy/.yarn/lib/cli.js:92:30)
      at /Users/brenthildy/.yarn/lib/cli.js:103:13
      at <anonymous>
